<?xml version="1.0" encoding="UTF-8"?>
<!-- Generated by org.testng.reporters.JUnitReportReporter -->
<testsuite hostname="Kandpal_Pc" failures="0" tests="4" name="onlinbanking.practiceTestNg.PracticeTest" time="0.004" errors="0" timestamp="2024-04-07T17:56:42 IST" skipped="0">
  <testcase classname="onlinbanking.practiceTestNg.PracticeTest" name="updateTest" time="0.002"/>
  <system-out/>
  <testcase classname="onlinbanking.practiceTestNg.PracticeTest" name="editTest" time="0.001"/>
  <system-out/>
  <testcase classname="onlinbanking.practiceTestNg.PracticeTest" name="deleteTest" time="0.000"/>
  <system-out/>
  <testcase classname="onlinbanking.practiceTestNg.PracticeTest" name="createTest" time="0.001"/>
  <system-out/>
</testsuite> <!-- onlinbanking.practiceTestNg.PracticeTest -->
