<?xml version="1.0" encoding="UTF-8"?>
<!-- Generated by org.testng.reporters.JUnitReportReporter -->
<testsuite hostname="Kandpal_Pc" failures="0" tests="3" name="onlinbanking.practiceTestNg.FactoryAnotationTest" time="0.020" errors="0" timestamp="2024-04-08T18:47:22 IST" skipped="0">
  <testcase classname="onlinbanking.practiceTestNg.FactoryAnotationTest" name="gettingDataFromFactoryAnotation" time="0.002"/>
  <system-out/>
  <testcase classname="onlinbanking.practiceTestNg.FactoryAnotationTest" name="gettingDataFromFactoryAnotation" time="0.006"/>
  <system-out/>
  <testcase classname="onlinbanking.practiceTestNg.FactoryAnotationTest" name="gettingDataFromFactoryAnotation" time="0.012"/>
  <system-out/>
</testsuite> <!-- onlinbanking.practiceTestNg.FactoryAnotationTest -->
