<?xml version="1.0" encoding="UTF-8"?>
<!-- Generated by org.testng.reporters.JUnitReportReporter -->
<testsuite hostname="Kandpal_Pc" failures="0" tests="2" name="onlinbanking.practiceTestNg.DataProviderPracticeTest" time="0.021" errors="0" timestamp="2024-04-08T12:54:05 IST" skipped="1">
  <testcase classname="onlinbanking.practiceTestNg.DataProviderPracticeTest" name="testDataProvider" time="0.021"/>
  <system-out/>
  <testcase classname="onlinbanking.practiceTestNg.DataProviderPracticeTest" name="practiceTest">
    <skipped/>
  </testcase> <!-- practiceTest -->
  <system-out/>
</testsuite> <!-- onlinbanking.practiceTestNg.DataProviderPracticeTest -->
