<?xml version="1.0" encoding="UTF-8"?>
<!-- Generated by org.testng.reporters.JUnitReportReporter -->
<testsuite hostname="Kandpal_Pc" failures="0" tests="1" name="onlinbanking.Staff.StaffPageTest" time="14.075" errors="0" timestamp="2024-04-08T17:42:15 IST" skipped="0">
  <testcase classname="onlinbanking.Staff.StaffPageTest" name="viewCustomerByAccountNum" time="14.075"/>
  <system-out/>
</testsuite> <!-- onlinbanking.Staff.StaffPageTest -->
