<?xml version="1.0" encoding="UTF-8"?>
<!-- Generated by org.testng.reporters.JUnitReportReporter -->
<testsuite hostname="Kandpal_Pc" failures="0" tests="2" name="onlinbanking.practiceTestNg.AnnotationsTest" time="0.008" errors="0" timestamp="2024-04-08T13:25:58 IST" skipped="0">
  <testcase classname="onlinbanking.practiceTestNg.AnnotationsTest" name="test2" time="0.002"/>
  <system-out/>
  <testcase classname="onlinbanking.practiceTestNg.AnnotationsTest" name="test1" time="0.006"/>
  <system-out/>
</testsuite> <!-- onlinbanking.practiceTestNg.AnnotationsTest -->
