<?xml version="1.0" encoding="UTF-8"?>
<!-- Generated by org.testng.reporters.JUnitReportReporter -->
<testsuite hostname="Kandpal_Pc" failures="0" tests="12" name="onlinbanking.practiceTestNg.execution.Sample" time="0.021" errors="0" timestamp="2024-04-10T17:30:22 IST" skipped="0">
  <testcase classname="onlinbanking.practiceTestNg.execution.Sample" name="sample4" time="0.000"/>
  <system-out/>
  <testcase classname="onlinbanking.practiceTestNg.execution.Sample" name="sample1" time="0.013"/>
  <system-out/>
  <testcase classname="onlinbanking.practiceTestNg.execution.Sample" name="sample4" time="0.000"/>
  <system-out/>
  <testcase classname="onlinbanking.practiceTestNg.execution.Sample" name="sample1" time="0.000"/>
  <system-out/>
  <testcase classname="onlinbanking.practiceTestNg.execution.Sample" name="sample1" time="0.002"/>
  <system-out/>
  <testcase classname="onlinbanking.practiceTestNg.execution.Sample" name="sample3" time="0.002"/>
  <system-out/>
  <testcase classname="onlinbanking.practiceTestNg.execution.Sample" name="sample3" time="0.000"/>
  <system-out/>
  <testcase classname="onlinbanking.practiceTestNg.execution.Sample" name="sample3" time="0.003"/>
  <system-out/>
  <testcase classname="onlinbanking.practiceTestNg.execution.Sample" name="sample4" time="0.000"/>
  <system-out/>
  <testcase classname="onlinbanking.practiceTestNg.execution.Sample" name="sample2" time="0.000"/>
  <system-out/>
  <testcase classname="onlinbanking.practiceTestNg.execution.Sample" name="sample2" time="0.000"/>
  <system-out/>
  <testcase classname="onlinbanking.practiceTestNg.execution.Sample" name="sample2" time="0.001"/>
  <system-out/>
</testsuite> <!-- onlinbanking.practiceTestNg.execution.Sample -->
